#
# There is insufficient memory for the Java Runtime Environment to continue.
# Native memory allocation (malloc) failed to allocate 403664 bytes for Chunk::new
# Possible reasons:
#   The system is out of physical RAM or swap space
#   In 32 bit mode, the process size limit was hit
# Possible solutions:
#   Reduce memory load on the system
#   Increase physical memory or swap space
#   Check if swap backing store is full
#   Use 64 bit Java on a 64 bit OS
#   Decrease Java heap size (-Xmx/-Xms)
#   Decrease number of Java threads
#   Decrease Java thread stack sizes (-Xss)
#   Set larger code cache with -XX:ReservedCodeCacheSize=
# This output file may be truncated or incomplete.
#
#  Out of Memory Error (allocation.cpp:390), pid=10776, tid=12688
#
# JRE version: Java(TM) SE Runtime Environment (8.0_60-b27) (build 1.8.0_60-b27)
# Java VM: Java HotSpot(TM) 64-Bit Server VM (25.60-b23 mixed mode windows-amd64 compressed oops)
# Failed to write core dump. Minidumps are not enabled by default on client versions of Windows
#

---------------  T H R E A D  ---------------

Current thread (0x00000000080f9000):  JavaThread "C2 CompilerThread2" daemon [_thread_in_native, id=12688, stack(0x00000000088c0000,0x00000000089c0000)]

Stack: [0x00000000088c0000,0x00000000089c0000]
[error occurred during error reporting (printing stack bounds), id 0xc0000005]

Native frames: (J=compiled Java code, j=interpreted, Vv=VM code, C=native code)


Current CompileTask:
C2:   6621 1248       4       com.android.dx.ssa.LocalVariableExtractor::processBlock (383 bytes)


---------------  P R O C E S S  ---------------

Java Threads: ( => current thread )
  0x00000000083d4800 JavaThread "pool-1-thread-4" [_thread_blocked, id=10104, stack(0x00000000090c0000,0x00000000091c0000)]
  0x00000000083bb800 JavaThread "pool-1-thread-3" [_thread_blocked, id=4288, stack(0x0000000008fc0000,0x00000000090c0000)]
  0x00000000083ba800 JavaThread "pool-1-thread-2" [_thread_in_Java, id=12116, stack(0x0000000008ec0000,0x0000000008fc0000)]
  0x00000000083b6000 JavaThread "pool-2-thread-1" [_thread_blocked, id=572, stack(0x0000000008dc0000,0x0000000008ec0000)]
  0x00000000083b3800 JavaThread "pool-1-thread-1" [_thread_blocked, id=12456, stack(0x0000000008cc0000,0x0000000008dc0000)]
  0x000000000814d000 JavaThread "Service Thread" daemon [_thread_blocked, id=3840, stack(0x0000000008ac0000,0x0000000008bc0000)]
  0x000000000810b800 JavaThread "C1 CompilerThread3" daemon [_thread_in_native, id=13004, stack(0x00000000089c0000,0x0000000008ac0000)]
=>0x00000000080f9000 JavaThread "C2 CompilerThread2" daemon [_thread_in_native, id=12688, stack(0x00000000088c0000,0x00000000089c0000)]
  0x00000000080f2000 JavaThread "C2 CompilerThread1" daemon [_thread_in_native, id=12048, stack(0x00000000087c0000,0x00000000088c0000)]
  0x00000000080ef000 JavaThread "C2 CompilerThread0" daemon [_thread_in_native, id=460, stack(0x00000000086c0000,0x00000000087c0000)]
  0x00000000080e8000 JavaThread "Attach Listener" daemon [_thread_blocked, id=12584, stack(0x00000000085c0000,0x00000000086c0000)]
  0x00000000080e7000 JavaThread "Signal Dispatcher" daemon [_thread_blocked, id=13940, stack(0x00000000084c0000,0x00000000085c0000)]
  0x00000000024ab000 JavaThread "Finalizer" daemon [_thread_blocked, id=13732, stack(0x0000000007ed0000,0x0000000007fd0000)]
  0x0000000005ffd000 JavaThread "Reference Handler" daemon [_thread_blocked, id=7624, stack(0x0000000007dd0000,0x0000000007ed0000)]
  0x00000000023b3000 JavaThread "main" [_thread_in_vm, id=11280, stack(0x0000000002290000,0x0000000002390000)]

Other Threads:
  0x0000000005ff9000 VMThread [stack: 0x0000000007cd0000,0x0000000007dd0000] [id=12788]
  0x0000000008150800 WatcherThread [stack: 0x0000000008bc0000,0x0000000008cc0000] [id=5468]

VM state:not at safepoint (normal execution)

VM Mutex/Monitor currently owned by a thread:  ([mutex/lock_event])
[0x00000000023b08d0] PeriodicTask_lock - owner thread: 0x0000000008150800

Heap:
 PSYoungGen      total 153088K, used 84216K [0x00000000eab00000, 0x00000000f5580000, 0x0000000100000000)
  eden space 131584K, 64% used [0x00000000eab00000,0x00000000efd3e260,0x00000000f2b80000)
  from space 21504K, 0% used [0x00000000f4080000,0x00000000f4080000,0x00000000f5580000)
  to   space 21504K, 0% used [0x00000000f2b80000,0x00000000f2b80000,0x00000000f4080000)
 ParOldGen       total 349696K, used 0K [0x00000000c0000000, 0x00000000d5580000, 0x00000000eab00000)
  object space 349696K, 0% used [0x00000000c0000000,0x00000000c0000000,0x00000000d5580000)
 Metaspace       used 5979K, capacity 7024K, committed 7296K, reserved 1056768K
  class space    used 595K, capacity 616K, committed 640K, reserved 1048576K

Card table byte_map: [0x0000000002880000,0x0000000002a90000] byte_map_base: 0x0000000002280000

Marking Bits: (ParMarkBitMap*) 0x0000000073b4a5b0
 Begin Bits: [0x00000000033f0000, 0x00000000043f0000)
 End Bits:   [0x00000000043f0000, 0x00000000053f0000)

Polling page: 0x0000000002230000

CodeCache: size=245760Kb used=5322Kb max_used=5337Kb free=240437Kb
 bounds [0x000000000f010000, 0x000000000f550000, 0x000000001e010000]
 total_blobs=1595 nmethods=1325 adapters=182
 compilation: enabled

Compilation events (10 events):
Event: 6.444 Thread 0x000000000810b800 nmethod 1360 0x000000000f536990 code [0x000000000f536be0, 0x000000000f537ad8]
Event: 6.444 Thread 0x000000000810b800 1362       3       com.android.dx.cf.code.LocalVariableList::<init> (6 bytes)
Event: 6.445 Thread 0x000000000810b800 nmethod 1362 0x000000000f5344d0 code [0x000000000f534640, 0x000000000f5347c8]
Event: 6.445 Thread 0x000000000810b800 1367       3       java.lang.String::<init> (15 bytes)
Event: 6.445 Thread 0x00000000080ef000 nmethod 1361 0x000000000f536710 code [0x000000000f536860, 0x000000000f536908]
Event: 6.445 Thread 0x00000000080ef000 1366       4       com.android.dx.ssa.back.LivenessAnalyzer::<init> (55 bytes)
Event: 6.445 Thread 0x000000000810b800 nmethod 1367 0x000000000f535fd0 code [0x000000000f536160, 0x000000000f536548]
Event: 6.445 Thread 0x000000000810b800 1369       3       java.lang.Character::forDigit (42 bytes)
Event: 6.445 Thread 0x000000000810b800 nmethod 1369 0x000000000f535b50 code [0x000000000f535cc0, 0x000000000f535f50]
Event: 6.445 Thread 0x000000000810b800 1368       3       com.android.dx.cf.code.BaseMachine::popArgs (137 bytes)

GC Heap History (0 events):
No events

Deoptimization events (6 events):
Event: 1.576 Thread 0x00000000083ba800 Uncommon trap: reason=unstable_if action=reinterpret pc=0x000000000f1f879c method=java.util.HashMap.getNode(ILjava/lang/Object;)Ljava/util/HashMap$Node; @ 129
Event: 1.590 Thread 0x00000000083b3800 Uncommon trap: reason=unstable_if action=reinterpret pc=0x000000000f1ff3b0 method=java.util.BitSet.nextSetBit(I)I @ 87
Event: 1.668 Thread 0x00000000023b3000 Uncommon trap: reason=bimorphic action=maybe_recompile pc=0x000000000f2391e8 method=java.util.HashMap.getNode(ILjava/lang/Object;)Ljava/util/HashMap$Node; @ 126
Event: 1.694 Thread 0x00000000083ba800 Uncommon trap: reason=null_check action=make_not_entrant pc=0x000000000f2af1ec method=com.android.dx.ssa.SsaRenamer.getLocalForNewReg(I)Lcom/android/dx/rop/code/LocalItem; @ 19
Event: 4.195 Thread 0x00000000023b3000 Uncommon trap: reason=unstable_if action=reinterpret pc=0x000000000f46dd38 method=com.android.dx.ssa.SCCP.simulateStmt(Lcom/android/dx/ssa/SsaInsn;)V @ 418
Event: 4.244 Thread 0x00000000023b3000 Uncommon trap: reason=bimorphic action=maybe_recompile pc=0x000000000f3928f4 method=java.util.HashMap.putVal(ILjava/lang/Object;Ljava/lang/Object;ZZ)Ljava/lang/Object; @ 203

Internal exceptions (3 events):
Event: 0.083 Thread 0x00000000023b3000 Exception <a 'java/lang/NoSuchMethodError': Method sun.misc.Unsafe.defineClass(Ljava/lang/String;[BII)Ljava/lang/Class; name or signature does not match> (0x00000000eab0daf0) thrown at [C:\re\workspace\8-2-build-windows-amd64-cygwin\jdk8u60\4407\hotspot\srAãêÕ3µ?
Event: 0.083 Thread 0x00000000023b3000 Exception <a 'java/lang/NoSuchMethodError': Method sun.misc.Unsafe.prefetchRead(Ljava/lang/Object;J)V name or signature does not match> (0x00000000eab0ddd8) thrown at [C:\re\workspace\8-2-build-windows-amd64-cygwin\jdk8u60\4407\hotspot\src\share\vm\prims\j¶O]Ñ–û?
Event: 1.694 Thread 0x00000000083ba800 Implicit null exception at 0x000000000f2acf60 to 0x000000000f2af1a9

Events (10 events):
Event: 4.244 Thread 0x00000000023b3000 DEOPT UNPACKING pc=0x000000000f05582a sp=0x000000000238e468 mode 2
Event: 4.246 Thread 0x00000000023b3000 DEOPT PACKING pc=0x000000000f2df077 sp=0x000000000238e520
Event: 4.246 Thread 0x00000000023b3000 DEOPT UNPACKING pc=0x000000000f05787f sp=0x000000000238e290 mode 0
Event: 4.305 Thread 0x00000000083bb800 DEOPT PACKING pc=0x000000000f3b8992 sp=0x00000000090be450
Event: 4.305 Thread 0x00000000083bb800 DEOPT UNPACKING pc=0x000000000f05787f sp=0x00000000090be1b8 mode 0
Event: 6.444 Executing VM operation: EnableBiasedLocking
Event: 6.444 Executing VM operation: EnableBiasedLocking done
Event: 6.454 loading class com/android/dx/cf/attrib/AttExceptions
Event: 6.454 loading class com/android/dx/cf/attrib/AttExceptions done
Event: 6.471 Thread 0x00000000083d4800 Uncommon trap: trap_request=0xffffffc6 fr.pc=0x000000000f53e6ec


Dynamic libraries:
0x00007ff6196e0000 - 0x00007ff619717000 	C:\Program Files\Java\jdk1.8.0_60\bin\java.exe
0x00007ffc9f4e0000 - 0x00007ffc9f6a1000 	C:\WINDOWS\SYSTEM32\ntdll.dll
0x00007ffc9eea0000 - 0x00007ffc9ef4d000 	C:\WINDOWS\system32\KERNEL32.DLL
0x00007ffc9c3a0000 - 0x00007ffc9c57d000 	C:\WINDOWS\system32\KERNELBASE.dll
0x00007ffc9cfa0000 - 0x00007ffc9d046000 	C:\WINDOWS\system32\ADVAPI32.dll
0x00007ffc9ee00000 - 0x00007ffc9ee9d000 	C:\WINDOWS\system32\msvcrt.dll
0x00007ffc9d2b0000 - 0x00007ffc9d30b000 	C:\WINDOWS\system32\sechost.dll
0x00007ffc9cd20000 - 0x00007ffc9ce46000 	C:\WINDOWS\system32\RPCRT4.dll
0x00007ffc9ce50000 - 0x00007ffc9cf9e000 	C:\WINDOWS\system32\USER32.dll
0x00007ffc9f350000 - 0x00007ffc9f4d6000 	C:\WINDOWS\system32\GDI32.dll
0x00007ffc957a0000 - 0x00007ffc95a14000 	C:\WINDOWS\WinSxS\amd64_microsoft.windows.common-controls_6595b64144ccf1df_6.0.10240.16384_none_f41f7b285750ef43\COMCTL32.dll
0x00007ffc9e970000 - 0x00007ffc9e9a6000 	C:\WINDOWS\system32\IMM32.DLL
0x00007ffc9cbb0000 - 0x00007ffc9cd0c000 	C:\WINDOWS\system32\MSCTF.dll
0x00007ffc9be00000 - 0x00007ffc9be31000 	C:\Windows\system32\nvinitx.dll
0x00007ffc9bdf0000 - 0x00007ffc9bdfa000 	C:\WINDOWS\SYSTEM32\VERSION.dll
0x000000000f000000 - 0x000000000f006000 	C:\Program Files\NVIDIA Corporation\CoProcManager\_etoured.dll
0x00007ffc99bd0000 - 0x00007ffc99c02000 	C:\Program Files\NVIDIA Corporation\CoProcManager\nvd3d9wrapx.dll
0x00007ffc9e9b0000 - 0x00007ffc9eb75000 	C:\WINDOWS\system32\SETUPAPI.dll
0x00007ffc9c010000 - 0x00007ffc9c054000 	C:\WINDOWS\system32\CFGMGR32.dll
0x00007ffc99b00000 - 0x00007ffc99b22000 	C:\Program Files\NVIDIA Corporation\CoProcManager\nvdxgiwrapx.dll
0x0000000073df0000 - 0x0000000073ec2000 	C:\Program Files\Java\jdk1.8.0_60\jre\bin\msvcr100.dll
0x0000000073340000 - 0x0000000073bc9000 	C:\Program Files\Java\jdk1.8.0_60\jre\bin\server\jvm.dll
0x00007ffc9cd10000 - 0x00007ffc9cd18000 	C:\WINDOWS\system32\PSAPI.DLL
0x00007ffc90440000 - 0x00007ffc90449000 	C:\WINDOWS\SYSTEM32\WSOCK32.dll
0x00007ffc99e20000 - 0x00007ffc99e43000 	C:\WINDOWS\SYSTEM32\WINMM.dll
0x00007ffc9ef80000 - 0x00007ffc9efe9000 	C:\WINDOWS\system32\WS2_32.dll
0x00007ffc9f340000 - 0x00007ffc9f348000 	C:\WINDOWS\system32\NSI.dll
0x00007ffc99df0000 - 0x00007ffc99e1c000 	C:\WINDOWS\SYSTEM32\WINMMBASE.dll
0x00007ffc9a830000 - 0x00007ffc9a857000 	C:\WINDOWS\SYSTEM32\DEVOBJ.dll
0x00000000742c0000 - 0x00000000742cf000 	C:\Program Files\Java\jdk1.8.0_60\jre\bin\verify.dll
0x0000000074290000 - 0x00000000742b9000 	C:\Program Files\Java\jdk1.8.0_60\jre\bin\java.dll
0x0000000074250000 - 0x0000000074266000 	C:\Program Files\Java\jdk1.8.0_60\jre\bin\zip.dll
0x00007ffc9d3d0000 - 0x00007ffc9e8f1000 	C:\WINDOWS\system32\SHELL32.dll
0x00007ffc9c580000 - 0x00007ffc9cba9000 	C:\WINDOWS\system32\windows.storage.dll
0x00007ffc9eb80000 - 0x00007ffc9edfc000 	C:\WINDOWS\system32\combase.dll
0x00007ffc9f200000 - 0x00007ffc9f251000 	C:\WINDOWS\system32\shlwapi.dll
0x00007ffc9bf10000 - 0x00007ffc9bf1f000 	C:\WINDOWS\system32\kernel.appcore.dll
0x00007ffc9c110000 - 0x00007ffc9c1c3000 	C:\WINDOWS\system32\shcore.dll
0x00007ffc9bf40000 - 0x00007ffc9bf8a000 	C:\WINDOWS\system32\powrprof.dll
0x00007ffc9bf90000 - 0x00007ffc9bfa3000 	C:\WINDOWS\system32\profapi.dll

VM Arguments:
jvm_args: -Xmx1024M -Dfile.encoding=windows-1252 -Duser.country=US -Duser.language=en -Duser.variant -Xms512m -Xmx1024m 
java_command: com.android.dx.command.Main --dex --num-threads=4 --output C:\Users\Mukhtar\AndroidStudioProjects\MinaTentLocator\app\build\intermediates\pre-dexed\release\classes-02a07de9577d8ae7784ec535bef4901dfbc939dd.jar C:\Users\Mukhtar\AndroidStudioProjects\MinaTentLocator\app\build\intermediates\exploded-aar\com.android.support\appcompat-v7\23.0.0\jars\classes.jar
java_class_path (initial): C:\Users\Mukhtar\android-sdks\build-tools\23.0.0\lib\dx.jar
Launcher Type: SUN_STANDARD

Environment Variables:
JAVA_HOME=C:\Program Files\Java\jdk1.8.0_60
_JAVA_OPTIONS=-Xms512m -Xmx1024m
CLASSPATH=.;C:\Program Files\Java\jdk1.8.0_60\bin
PATH=C:\ProgramData\Oracle\Java\javapath;C:\Program Files\NVIDIA GPU Computing Toolkit\CUDA\v6.5\bin;C:\Program Files\NVIDIA GPU Computing Toolkit\CUDA\v6.5\libnvvp;C:\Windows\system32;C:\Windows;C:\Windows\System32\Wbem;C:\Windows\System32\WindowsPowerShell\v1.0\;C:\Program Files (x86)\Intel\OpenCL SDK\2.0\bin\x86;C:\Program Files (x86)\Intel\OpenCL SDK\2.0\bin\x64;C:\Program Files (x86)\Microsoft SQL Server\100\Tools\Binn\;C:\Program Files\Microsoft SQL Server\100\Tools\Binn\;C:\Program Files\Microsoft SQL Server\100\DTS\Binn\;C:\Program Files (x86)\Windows Kits\8.1\Windows Performance Toolkit\;C:\Program Files\Microsoft SQL Server\110\Tools\Binn\;C:\Program Files (x86)\Microsoft SDKs\TypeScript\1.0\;C:\Program Files\Microsoft SQL Server\120\Tools\Binn\;C:\Program Files\Microsoft\Web Platform Installer\;C:\opencv\build\\x64\vc12\bin;C:\Program Files\Java\jdk1.8.0_40\bin;C:\mysql-5.6.23-winx64\bin;C:\MinGW\bin;C:\cygwin64\bin;C:\Program Files (x86)\Java\jre1.8.0_40\bin;C:\android-ndk-r10d;C:\Users\Mukhtar\android-sdks\tools;C:\Users\Mukhtar\android-sdks\platform-tools;C:\apache-ant-1.9.4\bin;C:\Program Files (x86)\Java\jdk1.8.0_40\bin;;C:\Program Files (x86)\NVIDIA Corporation\PhysX\Common;C:\WINDOWS\system32;C:\WINDOWS;C:\WINDOWS\System32\Wbem;C:\WINDOWS\System32\WindowsPowerShell\v1.0\;C:\Program Files (x86)\Skype\Phone\;C:\protoc-2.6.1-win32
USERNAME=Mukhtar
OS=Windows_NT
PROCESSOR_IDENTIFIER=Intel64 Family 6 Model 42 Stepping 7, GenuineIntel



---------------  S Y S T E M  ---------------

OS: Windows 10.0 , 64 bit Build 10240 (10.0.10240.16384)

CPU:total 8 (4 cores per cpu, 2 threads per core) family 6 model 42 stepping 7, cmov, cx8, fxsr, mmx, sse, sse2, sse3, ssse3, sse4.1, sse4.2, popcnt, avx, aes, clmul, ht, tsc, tscinvbit

Memory: 4k page, physical 8291388k(1188408k free), swap 14058556k(3212k free)

vm_info: Java HotSpot(TM) 64-Bit Server VM (25.60-b23) for windows-amd64 JRE (1.8.0_60-b27), built on Aug  4 2015 11:06:27 by "java_re" with MS VC++ 10.0 (VS2010)

time: Fri Sep 18 15:18:03 2015
elapsed time: 7 seconds (0d 0h 0m 7s)

