#
# There is insufficient memory for the Java Runtime Environment to continue.
# Native memory allocation (malloc) failed to allocate 96112 bytes for Chunk::new
# Possible reasons:
#   The system is out of physical RAM or swap space
#   In 32 bit mode, the process size limit was hit
# Possible solutions:
#   Reduce memory load on the system
#   Increase physical memory or swap space
#   Check if swap backing store is full
#   Use 64 bit Java on a 64 bit OS
#   Decrease Java heap size (-Xmx/-Xms)
#   Decrease number of Java threads
#   Decrease Java thread stack sizes (-Xss)
#   Set larger code cache with -XX:ReservedCodeCacheSize=
# This output file may be truncated or incomplete.
#
#  Out of Memory Error (allocation.cpp:390), pid=12756, tid=13956
#
# JRE version: Java(TM) SE Runtime Environment (8.0_60-b27) (build 1.8.0_60-b27)
# Java VM: Java HotSpot(TM) 64-Bit Server VM (25.60-b23 mixed mode windows-amd64 compressed oops)
# Failed to write core dump. Minidumps are not enabled by default on client versions of Windows
#

---------------  T H R E A D  ---------------

Current thread (0x0000000008741800):  JavaThread "C2 CompilerThread2" daemon [_thread_in_native, id=13956, stack(0x0000000008f00000,0x0000000009000000)]

Stack: [0x0000000008f00000,0x0000000009000000]
[error occurred during error reporting (printing stack bounds), id 0xc0000005]

Native frames: (J=compiled Java code, j=interpreted, Vv=VM code, C=native code)


Current CompileTask:
C2:   5091  952       4       com.android.dx.ssa.SsaBasicBlock::forEachInsn (37 bytes)


---------------  P R O C E S S  ---------------

Java Threads: ( => current thread )
  0x0000000008a11000 JavaThread "pool-1-thread-4" [_thread_blocked, id=7276, stack(0x0000000009700000,0x0000000009800000)]
  0x00000000089f5000 JavaThread "pool-1-thread-3" [_thread_blocked, id=9628, stack(0x0000000009600000,0x0000000009700000)]
  0x00000000089f4000 JavaThread "pool-1-thread-2" [_thread_blocked, id=2988, stack(0x0000000009500000,0x0000000009600000)]
  0x00000000089f8800 JavaThread "pool-2-thread-1" [_thread_blocked, id=13900, stack(0x0000000009400000,0x0000000009500000)]
  0x00000000089f7800 JavaThread "pool-1-thread-1" [_thread_blocked, id=4396, stack(0x0000000009300000,0x0000000009400000)]
  0x00000000087d1000 JavaThread "Service Thread" daemon [_thread_blocked, id=3832, stack(0x0000000009100000,0x0000000009200000)]
  0x0000000008745000 JavaThread "C1 CompilerThread3" daemon [_thread_blocked, id=6268, stack(0x0000000009000000,0x0000000009100000)]
=>0x0000000008741800 JavaThread "C2 CompilerThread2" daemon [_thread_in_native, id=13956, stack(0x0000000008f00000,0x0000000009000000)]
  0x000000000872d800 JavaThread "C2 CompilerThread1" daemon [_thread_in_native, id=11748, stack(0x0000000008e00000,0x0000000008f00000)]
  0x000000000872a800 JavaThread "C2 CompilerThread0" daemon [_thread_in_native, id=13968, stack(0x0000000008d00000,0x0000000008e00000)]
  0x0000000008727000 JavaThread "Attach Listener" daemon [_thread_blocked, id=13936, stack(0x0000000008c00000,0x0000000008d00000)]
  0x0000000008726000 JavaThread "Signal Dispatcher" daemon [_thread_blocked, id=12000, stack(0x0000000008b00000,0x0000000008c00000)]
  0x0000000002b2a800 JavaThread "Finalizer" daemon [_thread_blocked, id=4220, stack(0x0000000008520000,0x0000000008620000)]
  0x0000000002b24000 JavaThread "Reference Handler" daemon [_thread_blocked, id=1500, stack(0x0000000008420000,0x0000000008520000)]
  0x0000000002a33000 JavaThread "main" [_thread_in_vm_trans, id=8412, stack(0x0000000002930000,0x0000000002a30000)]

Other Threads:
  0x0000000006649000 VMThread [stack: 0x0000000008320000,0x0000000008420000] [id=1828]
  0x00000000087ec000 WatcherThread [stack: 0x0000000009200000,0x0000000009300000] [id=7096]

VM state:not at safepoint (normal execution)

VM Mutex/Monitor currently owned by a thread:  ([mutex/lock_event])
[0x00000000027fd630] CodeCache_lock - owner thread: 0x0000000008745000
[0x0000000002a30e50] Compile_lock - owner thread: 0x0000000008745000
[0x0000000002a31c50] MethodCompileQueue_lock - owner thread: 0x0000000008745000

Heap:
 PSYoungGen      total 153088K, used 36844K [0x00000000eab00000, 0x00000000f5580000, 0x0000000100000000)
  eden space 131584K, 28% used [0x00000000eab00000,0x00000000ecefb390,0x00000000f2b80000)
  from space 21504K, 0% used [0x00000000f4080000,0x00000000f4080000,0x00000000f5580000)
  to   space 21504K, 0% used [0x00000000f2b80000,0x00000000f2b80000,0x00000000f4080000)
 ParOldGen       total 349696K, used 0K [0x00000000c0000000, 0x00000000d5580000, 0x00000000eab00000)
  object space 349696K, 0% used [0x00000000c0000000,0x00000000c0000000,0x00000000d5580000)
 Metaspace       used 5767K, capacity 6768K, committed 7040K, reserved 1056768K
  class space    used 587K, capacity 616K, committed 640K, reserved 1048576K

Card table byte_map: [0x0000000002ef0000,0x0000000003100000] byte_map_base: 0x00000000028f0000

Marking Bits: (ParMarkBitMap*) 0x0000000073b4a5b0
 Begin Bits: [0x0000000003a60000, 0x0000000004a60000)
 End Bits:   [0x0000000004a60000, 0x0000000005a60000)

Polling page: 0x00000000027c0000

CodeCache: size=245760Kb used=3820Kb max_used=3820Kb free=241939Kb
 bounds [0x000000000f010000, 0x000000000f3d0000, 0x000000001e010000]
 total_blobs=1224 nmethods=954 adapters=182
 compilation: enabled

Compilation events (10 events):
Event: 3.080 Thread 0x0000000008745000  955   !   3       java.util.zip.ZipFile::getInflater (56 bytes)
Event: 3.080 Thread 0x0000000008745000 nmethod 955 0x000000000f3b7750 code [0x000000000f3b7940, 0x000000000f3b84f8]
Event: 3.080 Thread 0x0000000008745000  972       3       com.android.dx.util.ByteArray$MyInputStream::read (40 bytes)
Event: 3.081 Thread 0x0000000008745000 nmethod 972 0x000000000f3b8b50 code [0x000000000f3b8cc0, 0x000000000f3b8f70]
Event: 3.081 Thread 0x0000000008745000  977       3       com.android.dx.cf.code.LocalVariableList::pcAndIndexToLocal (51 bytes)
Event: 3.081 Thread 0x000000000872d800  978       4       com.android.dx.cf.code.BaseMachine::clearArgs (56 bytes)
Event: 3.081 Thread 0x0000000008745000 nmethod 977 0x000000000f3b9150 code [0x000000000f3b9300, 0x000000000f3b9988]
Event: 3.081 Thread 0x0000000008745000  980   !   3       com.android.dx.cf.code.Ropper::processBlock (1101 bytes)
Event: 3.082 Thread 0x000000000872d800 nmethod 978 0x000000000f3a2810 code [0x000000000f3a2940, 0x000000000f3a29d8]
Event: 3.083 Thread 0x000000000872d800  992       4       com.android.dx.rop.code.RegisterSpecSet::mutableCopy (57 bytes)

GC Heap History (0 events):
No events

Deoptimization events (7 events):
Event: 0.443 Thread 0x00000000089f4000 Uncommon trap: reason=unstable_if action=reinterpret pc=0x000000000f20f8b0 method=java.util.HashMap.getNode(ILjava/lang/Object;)Ljava/util/HashMap$Node; @ 62
Event: 1.007 Thread 0x00000000089f4000 Uncommon trap: reason=class_check action=maybe_recompile pc=0x000000000f2fbeb0 method=com.android.dx.ssa.NormalSsaInsn.accept(Lcom/android/dx/ssa/SsaInsn$Visitor;)V @ 9
Event: 1.008 Thread 0x00000000089f4000 Uncommon trap: reason=class_check action=maybe_recompile pc=0x000000000f301978 method=com.android.dx.ssa.NormalSsaInsn.accept(Lcom/android/dx/ssa/SsaInsn$Visitor;)V @ 9
Event: 1.008 Thread 0x00000000089f4000 Uncommon trap: reason=class_check action=maybe_recompile pc=0x000000000f301978 method=com.android.dx.ssa.NormalSsaInsn.accept(Lcom/android/dx/ssa/SsaInsn$Visitor;)V @ 9
Event: 1.008 Thread 0x00000000089f4000 Uncommon trap: reason=class_check action=maybe_recompile pc=0x000000000f301978 method=com.android.dx.ssa.NormalSsaInsn.accept(Lcom/android/dx/ssa/SsaInsn$Visitor;)V @ 9
Event: 1.017 Thread 0x0000000008a11000 Uncommon trap: reason=class_check action=maybe_recompile pc=0x000000000f2fbeb0 method=com.android.dx.ssa.NormalSsaInsn.accept(Lcom/android/dx/ssa/SsaInsn$Visitor;)V @ 9
Event: 3.095 Thread 0x0000000002a33000 Uncommon trap: reason=unstable_if action=reinterpret pc=0x000000000f366e80 method=java.lang.String.<init>([CII)V @ 18

Internal exceptions (2 events):
Event: 0.041 Thread 0x0000000002a33000 Exception <a 'java/lang/NoSuchMethodError': Method sun.misc.Unsafe.defineClass(Ljava/lang/String;[BII)Ljava/lang/Class; name or signature does not match> (0x00000000eab0db00) thrown at [C:\re\workspace\8-2-build-windows-amd64-cygwin\jdk8u60\4407\hotspot\sr`UÞ;¥?
Event: 0.041 Thread 0x0000000002a33000 Exception <a 'java/lang/NoSuchMethodError': Method sun.misc.Unsafe.prefetchRead(Ljava/lang/Object;J)V name or signature does not match> (0x00000000eab0dde8) thrown at [C:\re\workspace\8-2-build-windows-amd64-cygwin\jdk8u60\4407\hotspot\src\share\vm\prims\j

Events (10 events):
Event: 1.017 Thread 0x0000000008a11000 DEOPT PACKING pc=0x000000000f2fbeb0 sp=0x00000000097fee20
Event: 1.017 Thread 0x0000000008a11000 DEOPT UNPACKING pc=0x000000000f05582a sp=0x00000000097fee00 mode 2
Event: 1.045 loading class com/android/dx/cf/code/Ropper$ExceptionHandlerSetup
Event: 1.045 loading class com/android/dx/cf/code/Ropper$ExceptionHandlerSetup done
Event: 2.045 loading class java/util/HashMap$Values
Event: 2.045 loading class java/util/HashMap$Values done
Event: 2.045 loading class java/util/HashMap$ValueIterator
Event: 2.045 loading class java/util/HashMap$ValueIterator done
Event: 3.095 Thread 0x0000000002a33000 Uncommon trap: trap_request=0xffffff65 fr.pc=0x000000000f366e80
Event: 3.095 Thread 0x0000000002a33000 DEOPT PACKING pc=0x000000000f366e80 sp=0x0000000002a2e7b0


Dynamic libraries:
0x00007ff6196e0000 - 0x00007ff619717000 	C:\Program Files\Java\jdk1.8.0_60\bin\java.exe
0x00007ffc9f4e0000 - 0x00007ffc9f6a1000 	C:\WINDOWS\SYSTEM32\ntdll.dll
0x00007ffc9eea0000 - 0x00007ffc9ef4d000 	C:\WINDOWS\system32\KERNEL32.DLL
0x00007ffc9c3a0000 - 0x00007ffc9c57d000 	C:\WINDOWS\system32\KERNELBASE.dll
0x00007ffc9cfa0000 - 0x00007ffc9d046000 	C:\WINDOWS\system32\ADVAPI32.dll
0x00007ffc9ee00000 - 0x00007ffc9ee9d000 	C:\WINDOWS\system32\msvcrt.dll
0x00007ffc9d2b0000 - 0x00007ffc9d30b000 	C:\WINDOWS\system32\sechost.dll
0x00007ffc9cd20000 - 0x00007ffc9ce46000 	C:\WINDOWS\system32\RPCRT4.dll
0x00007ffc9ce50000 - 0x00007ffc9cf9e000 	C:\WINDOWS\system32\USER32.dll
0x00007ffc9f350000 - 0x00007ffc9f4d6000 	C:\WINDOWS\system32\GDI32.dll
0x00007ffc957a0000 - 0x00007ffc95a14000 	C:\WINDOWS\WinSxS\amd64_microsoft.windows.common-controls_6595b64144ccf1df_6.0.10240.16384_none_f41f7b285750ef43\COMCTL32.dll
0x00007ffc9e970000 - 0x00007ffc9e9a6000 	C:\WINDOWS\system32\IMM32.DLL
0x00007ffc9cbb0000 - 0x00007ffc9cd0c000 	C:\WINDOWS\system32\MSCTF.dll
0x00007ffc9be00000 - 0x00007ffc9be31000 	C:\Windows\system32\nvinitx.dll
0x00007ffc9bdf0000 - 0x00007ffc9bdfa000 	C:\WINDOWS\SYSTEM32\VERSION.dll
0x000000000f000000 - 0x000000000f006000 	C:\Program Files\NVIDIA Corporation\CoProcManager\_etoured.dll
0x00007ffc99bd0000 - 0x00007ffc99c02000 	C:\Program Files\NVIDIA Corporation\CoProcManager\nvd3d9wrapx.dll
0x00007ffc9e9b0000 - 0x00007ffc9eb75000 	C:\WINDOWS\system32\SETUPAPI.dll
0x00007ffc9c010000 - 0x00007ffc9c054000 	C:\WINDOWS\system32\CFGMGR32.dll
0x00007ffc99b00000 - 0x00007ffc99b22000 	C:\Program Files\NVIDIA Corporation\CoProcManager\nvdxgiwrapx.dll
0x0000000073df0000 - 0x0000000073ec2000 	C:\Program Files\Java\jdk1.8.0_60\jre\bin\msvcr100.dll
0x0000000073340000 - 0x0000000073bc9000 	C:\Program Files\Java\jdk1.8.0_60\jre\bin\server\jvm.dll
0x00007ffc9cd10000 - 0x00007ffc9cd18000 	C:\WINDOWS\system32\PSAPI.DLL
0x00007ffc99e20000 - 0x00007ffc99e43000 	C:\WINDOWS\SYSTEM32\WINMM.dll
0x00007ffc90440000 - 0x00007ffc90449000 	C:\WINDOWS\SYSTEM32\WSOCK32.dll
0x00007ffc9ef80000 - 0x00007ffc9efe9000 	C:\WINDOWS\system32\WS2_32.dll
0x00007ffc99df0000 - 0x00007ffc99e1c000 	C:\WINDOWS\SYSTEM32\winmmbase.dll
0x00007ffc9a830000 - 0x00007ffc9a857000 	C:\WINDOWS\SYSTEM32\DEVOBJ.dll
0x00007ffc9f340000 - 0x00007ffc9f348000 	C:\WINDOWS\system32\NSI.dll
0x00000000742c0000 - 0x00000000742cf000 	C:\Program Files\Java\jdk1.8.0_60\jre\bin\verify.dll
0x0000000074290000 - 0x00000000742b9000 	C:\Program Files\Java\jdk1.8.0_60\jre\bin\java.dll
0x0000000074250000 - 0x0000000074266000 	C:\Program Files\Java\jdk1.8.0_60\jre\bin\zip.dll
0x00007ffc9d3d0000 - 0x00007ffc9e8f1000 	C:\WINDOWS\system32\SHELL32.dll
0x00007ffc9c580000 - 0x00007ffc9cba9000 	C:\WINDOWS\system32\windows.storage.dll
0x00007ffc9eb80000 - 0x00007ffc9edfc000 	C:\WINDOWS\system32\combase.dll
0x00007ffc9f200000 - 0x00007ffc9f251000 	C:\WINDOWS\system32\shlwapi.dll
0x00007ffc9bf10000 - 0x00007ffc9bf1f000 	C:\WINDOWS\system32\kernel.appcore.dll
0x00007ffc9c110000 - 0x00007ffc9c1c3000 	C:\WINDOWS\system32\shcore.dll
0x00007ffc9bf40000 - 0x00007ffc9bf8a000 	C:\WINDOWS\system32\powrprof.dll
0x00007ffc9bf90000 - 0x00007ffc9bfa3000 	C:\WINDOWS\system32\profapi.dll

VM Arguments:
jvm_args: -Xmx1024M -Dfile.encoding=windows-1252 -Duser.country=US -Duser.language=en -Duser.variant -Xms512m -Xmx1024m 
java_command: com.android.dx.command.Main --dex --num-threads=4 --output C:\Users\Mukhtar\AndroidStudioProjects\MinaTentLocator\app\build\intermediates\pre-dexed\release\classes-4c95f726ba991873dc25974f35b926322106cf1f.jar C:\Users\Mukhtar\AndroidStudioProjects\MinaTentLocator\app\build\intermediates\exploded-aar\com.google.android.gms\play-services-drive\7.8.0\jars\classes.jar
java_class_path (initial): C:\Users\Mukhtar\android-sdks\build-tools\23.0.0\lib\dx.jar
Launcher Type: SUN_STANDARD

Environment Variables:
JAVA_HOME=C:\Program Files\Java\jdk1.8.0_60
_JAVA_OPTIONS=-Xms512m -Xmx1024m
CLASSPATH=.;C:\Program Files\Java\jdk1.8.0_60\bin
PATH=C:\ProgramData\Oracle\Java\javapath;C:\Program Files\NVIDIA GPU Computing Toolkit\CUDA\v6.5\bin;C:\Program Files\NVIDIA GPU Computing Toolkit\CUDA\v6.5\libnvvp;C:\Windows\system32;C:\Windows;C:\Windows\System32\Wbem;C:\Windows\System32\WindowsPowerShell\v1.0\;C:\Program Files (x86)\Intel\OpenCL SDK\2.0\bin\x86;C:\Program Files (x86)\Intel\OpenCL SDK\2.0\bin\x64;C:\Program Files (x86)\Microsoft SQL Server\100\Tools\Binn\;C:\Program Files\Microsoft SQL Server\100\Tools\Binn\;C:\Program Files\Microsoft SQL Server\100\DTS\Binn\;C:\Program Files (x86)\Windows Kits\8.1\Windows Performance Toolkit\;C:\Program Files\Microsoft SQL Server\110\Tools\Binn\;C:\Program Files (x86)\Microsoft SDKs\TypeScript\1.0\;C:\Program Files\Microsoft SQL Server\120\Tools\Binn\;C:\Program Files\Microsoft\Web Platform Installer\;C:\opencv\build\\x64\vc12\bin;C:\Program Files\Java\jdk1.8.0_40\bin;C:\mysql-5.6.23-winx64\bin;C:\MinGW\bin;C:\cygwin64\bin;C:\Program Files (x86)\Java\jre1.8.0_40\bin;C:\android-ndk-r10d;C:\Users\Mukhtar\android-sdks\tools;C:\Users\Mukhtar\android-sdks\platform-tools;C:\apache-ant-1.9.4\bin;C:\Program Files (x86)\Java\jdk1.8.0_40\bin;;C:\Program Files (x86)\NVIDIA Corporation\PhysX\Common;C:\WINDOWS\system32;C:\WINDOWS;C:\WINDOWS\System32\Wbem;C:\WINDOWS\System32\WindowsPowerShell\v1.0\;C:\Program Files (x86)\Skype\Phone\;C:\protoc-2.6.1-win32
USERNAME=Mukhtar
OS=Windows_NT
PROCESSOR_IDENTIFIER=Intel64 Family 6 Model 42 Stepping 7, GenuineIntel



---------------  S Y S T E M  ---------------

OS: Windows 10.0 , 64 bit Build 10240 (10.0.10240.16384)

CPU:total 8 (4 cores per cpu, 2 threads per core) family 6 model 42 stepping 7, cmov, cx8, fxsr, mmx, sse, sse2, sse3, ssse3, sse4.1, sse4.2, popcnt, avx, aes, clmul, ht, tsc, tscinvbit

Memory: 4k page, physical 8291388k(1188712k free), swap 14058556k(4268k free)

vm_info: Java HotSpot(TM) 64-Bit Server VM (25.60-b23) for windows-amd64 JRE (1.8.0_60-b27), built on Aug  4 2015 11:06:27 by "java_re" with MS VC++ 10.0 (VS2010)

time: Fri Sep 18 15:18:04 2015
elapsed time: 5 seconds (0d 0h 0m 5s)

