#
# There is insufficient memory for the Java Runtime Environment to continue.
# Native memory allocation (malloc) failed to allocate 262656 bytes for Chunk::new
# Possible reasons:
#   The system is out of physical RAM or swap space
#   In 32 bit mode, the process size limit was hit
# Possible solutions:
#   Reduce memory load on the system
#   Increase physical memory or swap space
#   Check if swap backing store is full
#   Use 64 bit Java on a 64 bit OS
#   Decrease Java heap size (-Xmx/-Xms)
#   Decrease number of Java threads
#   Decrease Java thread stack sizes (-Xss)
#   Set larger code cache with -XX:ReservedCodeCacheSize=
# This output file may be truncated or incomplete.
#
#  Out of Memory Error (allocation.cpp:390), pid=4468, tid=13216
#
# JRE version: Java(TM) SE Runtime Environment (8.0_60-b27) (build 1.8.0_60-b27)
# Java VM: Java HotSpot(TM) 64-Bit Server VM (25.60-b23 mixed mode windows-amd64 compressed oops)
# Failed to write core dump. Minidumps are not enabled by default on client versions of Windows
#

---------------  T H R E A D  ---------------

Current thread (0x0000000008548800):  JavaThread "C2 CompilerThread2" daemon [_thread_in_native, id=13216, stack(0x0000000008d10000,0x0000000008e10000)]

Stack: [0x0000000008d10000,0x0000000008e10000]
[error occurred during error reporting (printing stack bounds), id 0xc0000005]

Native frames: (J=compiled Java code, j=interpreted, Vv=VM code, C=native code)


Current CompileTask:
C2:   4290 1109 %     4       com.android.dx.ssa.SsaMethod::computeReachability @ 8 (131 bytes)


---------------  P R O C E S S  ---------------

Java Threads: ( => current thread )
  0x000000000870d000 JavaThread "pool-1-thread-4" [_thread_blocked, id=5796, stack(0x0000000009510000,0x0000000009610000)]
  0x0000000008707800 JavaThread "pool-1-thread-3" [_thread_in_Java, id=10808, stack(0x0000000009410000,0x0000000009510000)]
  0x0000000008704800 JavaThread "pool-1-thread-2" [_thread_in_Java, id=13040, stack(0x0000000009310000,0x0000000009410000)]
  0x0000000008702000 JavaThread "pool-2-thread-1" [_thread_blocked, id=11424, stack(0x0000000009210000,0x0000000009310000)]
  0x0000000008701800 JavaThread "pool-1-thread-1" [_thread_blocked, id=1224, stack(0x0000000009110000,0x0000000009210000)]
  0x00000000085e5800 JavaThread "Service Thread" daemon [_thread_blocked, id=6524, stack(0x0000000008f10000,0x0000000009010000)]
  0x000000000854d000 JavaThread "C1 CompilerThread3" daemon [_thread_in_native, id=12140, stack(0x0000000008e10000,0x0000000008f10000)]
=>0x0000000008548800 JavaThread "C2 CompilerThread2" daemon [_thread_in_native, id=13216, stack(0x0000000008d10000,0x0000000008e10000)]
  0x000000000853d000 JavaThread "C2 CompilerThread1" daemon [_thread_in_native, id=12260, stack(0x0000000008c10000,0x0000000008d10000)]
  0x0000000008539800 JavaThread "C2 CompilerThread0" daemon [_thread_in_native, id=11312, stack(0x0000000008b10000,0x0000000008c10000)]
  0x0000000008536800 JavaThread "Attach Listener" daemon [_thread_blocked, id=4752, stack(0x0000000008a10000,0x0000000008b10000)]
  0x0000000008535800 JavaThread "Signal Dispatcher" daemon [_thread_blocked, id=10680, stack(0x0000000008910000,0x0000000008a10000)]
  0x000000000293a800 JavaThread "Finalizer" daemon [_thread_blocked, id=1188, stack(0x0000000008330000,0x0000000008430000)]
  0x0000000002934000 JavaThread "Reference Handler" daemon [_thread_blocked, id=4960, stack(0x0000000008230000,0x0000000008330000)]
  0x0000000002843000 JavaThread "main" [_thread_in_Java, id=12196, stack(0x00000000026e0000,0x00000000027e0000)]

Other Threads:
  0x0000000006459000 VMThread [stack: 0x0000000008130000,0x0000000008230000] [id=6228]
  0x00000000085f0800 WatcherThread [stack: 0x0000000009010000,0x0000000009110000] [id=13168]

VM state:not at safepoint (normal execution)

VM Mutex/Monitor currently owned by a thread: None

Heap:
 PSYoungGen      total 153088K, used 47373K [0x00000000eab00000, 0x00000000f5580000, 0x0000000100000000)
  eden space 131584K, 36% used [0x00000000eab00000,0x00000000ed943660,0x00000000f2b80000)
  from space 21504K, 0% used [0x00000000f4080000,0x00000000f4080000,0x00000000f5580000)
  to   space 21504K, 0% used [0x00000000f2b80000,0x00000000f2b80000,0x00000000f4080000)
 ParOldGen       total 349696K, used 0K [0x00000000c0000000, 0x00000000d5580000, 0x00000000eab00000)
  object space 349696K, 0% used [0x00000000c0000000,0x00000000c0000000,0x00000000d5580000)
 Metaspace       used 5809K, capacity 6896K, committed 7040K, reserved 1056768K
  class space    used 588K, capacity 616K, committed 640K, reserved 1048576K

Card table byte_map: [0x0000000002d00000,0x0000000002f10000] byte_map_base: 0x0000000002700000

Marking Bits: (ParMarkBitMap*) 0x0000000073b4a5b0
 Begin Bits: [0x0000000003870000, 0x0000000004870000)
 End Bits:   [0x0000000004870000, 0x0000000005870000)

Polling page: 0x0000000000f10000

CodeCache: size=245760Kb used=4355Kb max_used=4355Kb free=241404Kb
 bounds [0x000000000f010000, 0x000000000f460000, 0x000000001e010000]
 total_blobs=1390 nmethods=1121 adapters=182
 compilation: enabled

Compilation events (10 events):
Event: 2.282 Thread 0x000000000854d000 nmethod 1137 0x000000000f44aa10 code [0x000000000f44aba0, 0x000000000f44b370]
Event: 2.282 Thread 0x000000000854d000 1139       3       com.android.dx.dex.code.RopTranslator$LocalVariableAwareTranslationVisitor::visitPlainCstInsn (11 bytes)
Event: 2.283 Thread 0x000000000854d000 nmethod 1139 0x000000000f44b550 code [0x000000000f44b760, 0x000000000f44c2b8]
Event: 2.283 Thread 0x000000000854d000 1142       3       com.android.dx.cf.code.Ropper::getMinimumUnreservedLabel (19 bytes)
Event: 2.283 Thread 0x000000000854d000 nmethod 1142 0x000000000f44c950 code [0x000000000f44cac0, 0x000000000f44ce90]
Event: 2.283 Thread 0x000000000854d000 1105       3       com.android.dx.dex.code.RopTranslator$TranslationVisitor::getNextMoveResultPseudo (55 bytes)
Event: 2.284 Thread 0x000000000854d000 nmethod 1105 0x000000000f44d010 code [0x000000000f44d1c0, 0x000000000f44dab8]
Event: 2.284 Thread 0x000000000854d000 1141       3       com.android.dx.rop.type.Type::isIntlike (56 bytes)
Event: 2.284 Thread 0x000000000854d000 nmethod 1141 0x000000000f44dd10 code [0x000000000f44de60, 0x000000000f44dff0]
Event: 2.284 Thread 0x000000000854d000 1140       3       com.android.dx.dex.code.RopTranslator$TranslationVisitor::visitPlainCstInsn (161 bytes)

GC Heap History (0 events):
No events

Deoptimization events (6 events):
Event: 1.027 Thread 0x000000000870d000 Uncommon trap: reason=class_check action=maybe_recompile pc=0x000000000f2dda58 method=com.android.dx.ssa.NormalSsaInsn.accept(Lcom/android/dx/ssa/SsaInsn$Visitor;)V @ 9
Event: 1.027 Thread 0x000000000870d000 Uncommon trap: reason=class_check action=maybe_recompile pc=0x000000000f2d7730 method=com.android.dx.ssa.NormalSsaInsn.accept(Lcom/android/dx/ssa/SsaInsn$Visitor;)V @ 9
Event: 1.027 Thread 0x000000000870d000 Uncommon trap: reason=class_check action=maybe_recompile pc=0x000000000f2d7730 method=com.android.dx.ssa.NormalSsaInsn.accept(Lcom/android/dx/ssa/SsaInsn$Visitor;)V @ 9
Event: 2.057 Thread 0x0000000008701800 Uncommon trap: reason=unstable_if action=reinterpret pc=0x000000000f2f05dc method=com.android.dx.rop.code.RegisterSpecSet.put(Lcom/android/dx/rop/code/RegisterSpec;)V @ 77
Event: 2.173 Thread 0x0000000008707800 Uncommon trap: reason=unstable_if action=reinterpret pc=0x000000000f3359a8 method=com.android.dx.util.IntList.binarysearch(I)I @ 105
Event: 2.224 Thread 0x0000000008701800 Uncommon trap: reason=unstable_if action=reinterpret pc=0x000000000f32599c method=com.android.dx.ssa.SsaMethod.updateOneDefinition(Lcom/android/dx/ssa/SsaInsn;Lcom/android/dx/rop/code/RegisterSpec;)V @ 4

Internal exceptions (2 events):
Event: 0.049 Thread 0x0000000002843000 Exception <a 'java/lang/NoSuchMethodError': Method sun.misc.Unsafe.defineClass(Ljava/lang/String;[BII)Ljava/lang/Class; name or signature does not match> (0x00000000eab0db00) thrown at [C:\re\workspace\8-2-build-windows-amd64-cygwin\jdk8u60\4407\hotspot\sr¡¿≥f]©?
Event: 0.050 Thread 0x0000000002843000 Exception <a 'java/lang/NoSuchMethodError': Method sun.misc.Unsafe.prefetchRead(Ljava/lang/Object;J)V name or signature does not match> (0x00000000eab0dde8) thrown at [C:\re\workspace\8-2-build-windows-amd64-cygwin\jdk8u60\4407\hotspot\src\share\vm\prims\j

Events (10 events):
Event: 2.057 Thread 0x0000000008701800 DEOPT PACKING pc=0x000000000f2f05dc sp=0x000000000920efd0
Event: 2.057 Thread 0x0000000008701800 DEOPT UNPACKING pc=0x000000000f05582a sp=0x000000000920eef0 mode 2
Event: 2.173 Thread 0x0000000008707800 Uncommon trap: trap_request=0xffffff65 fr.pc=0x000000000f3359a8
Event: 2.173 Thread 0x0000000008707800 DEOPT PACKING pc=0x000000000f3359a8 sp=0x000000000950ec50
Event: 2.173 Thread 0x0000000008707800 DEOPT UNPACKING pc=0x000000000f05582a sp=0x000000000950ebc8 mode 2
Event: 2.223 loading class com/android/dx/rop/code/RegOps
Event: 2.223 loading class com/android/dx/rop/code/RegOps done
Event: 2.224 Thread 0x0000000008701800 Uncommon trap: trap_request=0xffffff65 fr.pc=0x000000000f32599c
Event: 2.224 Thread 0x0000000008701800 DEOPT PACKING pc=0x000000000f32599c sp=0x000000000920ebd0
Event: 2.224 Thread 0x0000000008701800 DEOPT UNPACKING pc=0x000000000f05582a sp=0x000000000920eb78 mode 2


Dynamic libraries:
0x00007ff6196e0000 - 0x00007ff619717000 	C:\Program Files\Java\jdk1.8.0_60\bin\java.exe
0x00007ffc9f4e0000 - 0x00007ffc9f6a1000 	C:\WINDOWS\SYSTEM32\ntdll.dll
0x00007ffc9eea0000 - 0x00007ffc9ef4d000 	C:\WINDOWS\system32\KERNEL32.DLL
0x00007ffc9c3a0000 - 0x00007ffc9c57d000 	C:\WINDOWS\system32\KERNELBASE.dll
0x00007ffc9cfa0000 - 0x00007ffc9d046000 	C:\WINDOWS\system32\ADVAPI32.dll
0x00007ffc9ee00000 - 0x00007ffc9ee9d000 	C:\WINDOWS\system32\msvcrt.dll
0x00007ffc9d2b0000 - 0x00007ffc9d30b000 	C:\WINDOWS\system32\sechost.dll
0x00007ffc9cd20000 - 0x00007ffc9ce46000 	C:\WINDOWS\system32\RPCRT4.dll
0x00007ffc9ce50000 - 0x00007ffc9cf9e000 	C:\WINDOWS\system32\USER32.dll
0x00007ffc9f350000 - 0x00007ffc9f4d6000 	C:\WINDOWS\system32\GDI32.dll
0x00007ffc957a0000 - 0x00007ffc95a14000 	C:\WINDOWS\WinSxS\amd64_microsoft.windows.common-controls_6595b64144ccf1df_6.0.10240.16384_none_f41f7b285750ef43\COMCTL32.dll
0x00007ffc9e970000 - 0x00007ffc9e9a6000 	C:\WINDOWS\system32\IMM32.DLL
0x00007ffc9cbb0000 - 0x00007ffc9cd0c000 	C:\WINDOWS\system32\MSCTF.dll
0x00007ffc9be00000 - 0x00007ffc9be31000 	C:\Windows\system32\nvinitx.dll
0x00007ffc9bdf0000 - 0x00007ffc9bdfa000 	C:\WINDOWS\SYSTEM32\VERSION.dll
0x000000000f000000 - 0x000000000f006000 	C:\Program Files\NVIDIA Corporation\CoProcManager\_etoured.dll
0x00007ffc99bd0000 - 0x00007ffc99c02000 	C:\Program Files\NVIDIA Corporation\CoProcManager\nvd3d9wrapx.dll
0x00007ffc9e9b0000 - 0x00007ffc9eb75000 	C:\WINDOWS\system32\SETUPAPI.dll
0x00007ffc9c010000 - 0x00007ffc9c054000 	C:\WINDOWS\system32\CFGMGR32.dll
0x00007ffc99b00000 - 0x00007ffc99b22000 	C:\Program Files\NVIDIA Corporation\CoProcManager\nvdxgiwrapx.dll
0x0000000073df0000 - 0x0000000073ec2000 	C:\Program Files\Java\jdk1.8.0_60\jre\bin\msvcr100.dll
0x0000000073340000 - 0x0000000073bc9000 	C:\Program Files\Java\jdk1.8.0_60\jre\bin\server\jvm.dll
0x00007ffc9cd10000 - 0x00007ffc9cd18000 	C:\WINDOWS\system32\PSAPI.DLL
0x00007ffc90440000 - 0x00007ffc90449000 	C:\WINDOWS\SYSTEM32\WSOCK32.dll
0x00007ffc9ef80000 - 0x00007ffc9efe9000 	C:\WINDOWS\system32\WS2_32.dll
0x00007ffc9f340000 - 0x00007ffc9f348000 	C:\WINDOWS\system32\NSI.dll
0x00007ffc99e20000 - 0x00007ffc99e43000 	C:\WINDOWS\SYSTEM32\WINMM.dll
0x00007ffc99df0000 - 0x00007ffc99e1c000 	C:\WINDOWS\SYSTEM32\WINMMBASE.dll
0x00007ffc9a830000 - 0x00007ffc9a857000 	C:\WINDOWS\SYSTEM32\DEVOBJ.dll
0x00000000742c0000 - 0x00000000742cf000 	C:\Program Files\Java\jdk1.8.0_60\jre\bin\verify.dll
0x0000000074290000 - 0x00000000742b9000 	C:\Program Files\Java\jdk1.8.0_60\jre\bin\java.dll
0x0000000074250000 - 0x0000000074266000 	C:\Program Files\Java\jdk1.8.0_60\jre\bin\zip.dll
0x00007ffc9d3d0000 - 0x00007ffc9e8f1000 	C:\WINDOWS\system32\SHELL32.dll
0x00007ffc9c580000 - 0x00007ffc9cba9000 	C:\WINDOWS\system32\windows.storage.dll
0x00007ffc9eb80000 - 0x00007ffc9edfc000 	C:\WINDOWS\system32\combase.dll
0x00007ffc9f200000 - 0x00007ffc9f251000 	C:\WINDOWS\system32\shlwapi.dll
0x00007ffc9bf10000 - 0x00007ffc9bf1f000 	C:\WINDOWS\system32\kernel.appcore.dll
0x00007ffc9c110000 - 0x00007ffc9c1c3000 	C:\WINDOWS\system32\shcore.dll
0x00007ffc9bf40000 - 0x00007ffc9bf8a000 	C:\WINDOWS\system32\powrprof.dll
0x00007ffc9bf90000 - 0x00007ffc9bfa3000 	C:\WINDOWS\system32\profapi.dll

VM Arguments:
jvm_args: -Xmx1024M -Dfile.encoding=windows-1252 -Duser.country=US -Duser.language=en -Duser.variant -Xms512m -Xmx1024m 
java_command: com.android.dx.command.Main --dex --num-threads=4 --output C:\Users\Mukhtar\AndroidStudioProjects\MinaTentLocator\app\build\intermediates\pre-dexed\release\classes-43b7207dc8ed1eb487f8ca865f68ddea65c29cd0.jar C:\Users\Mukhtar\AndroidStudioProjects\MinaTentLocator\app\build\intermediates\exploded-aar\com.google.android.gms\play-services-vision\7.8.0\jars\classes.jar
java_class_path (initial): C:\Users\Mukhtar\android-sdks\build-tools\23.0.0\lib\dx.jar
Launcher Type: SUN_STANDARD

Environment Variables:
JAVA_HOME=C:\Program Files\Java\jdk1.8.0_60
_JAVA_OPTIONS=-Xms512m -Xmx1024m
CLASSPATH=.;C:\Program Files\Java\jdk1.8.0_60\bin
PATH=C:\ProgramData\Oracle\Java\javapath;C:\Program Files\NVIDIA GPU Computing Toolkit\CUDA\v6.5\bin;C:\Program Files\NVIDIA GPU Computing Toolkit\CUDA\v6.5\libnvvp;C:\Windows\system32;C:\Windows;C:\Windows\System32\Wbem;C:\Windows\System32\WindowsPowerShell\v1.0\;C:\Program Files (x86)\Intel\OpenCL SDK\2.0\bin\x86;C:\Program Files (x86)\Intel\OpenCL SDK\2.0\bin\x64;C:\Program Files (x86)\Microsoft SQL Server\100\Tools\Binn\;C:\Program Files\Microsoft SQL Server\100\Tools\Binn\;C:\Program Files\Microsoft SQL Server\100\DTS\Binn\;C:\Program Files (x86)\Windows Kits\8.1\Windows Performance Toolkit\;C:\Program Files\Microsoft SQL Server\110\Tools\Binn\;C:\Program Files (x86)\Microsoft SDKs\TypeScript\1.0\;C:\Program Files\Microsoft SQL Server\120\Tools\Binn\;C:\Program Files\Microsoft\Web Platform Installer\;C:\opencv\build\\x64\vc12\bin;C:\Program Files\Java\jdk1.8.0_40\bin;C:\mysql-5.6.23-winx64\bin;C:\MinGW\bin;C:\cygwin64\bin;C:\Program Files (x86)\Java\jre1.8.0_40\bin;C:\android-ndk-r10d;C:\Users\Mukhtar\android-sdks\tools;C:\Users\Mukhtar\android-sdks\platform-tools;C:\apache-ant-1.9.4\bin;C:\Program Files (x86)\Java\jdk1.8.0_40\bin;;C:\Program Files (x86)\NVIDIA Corporation\PhysX\Common;C:\WINDOWS\system32;C:\WINDOWS;C:\WINDOWS\System32\Wbem;C:\WINDOWS\System32\WindowsPowerShell\v1.0\;C:\Program Files (x86)\Skype\Phone\;C:\protoc-2.6.1-win32
USERNAME=Mukhtar
OS=Windows_NT
PROCESSOR_IDENTIFIER=Intel64 Family 6 Model 42 Stepping 7, GenuineIntel



---------------  S Y S T E M  ---------------

OS: Windows 10.0 , 64 bit Build 10240 (10.0.10240.16384)

CPU:total 8 (4 cores per cpu, 2 threads per core) family 6 model 42 stepping 7, cmov, cx8, fxsr, mmx, sse, sse2, sse3, ssse3, sse4.1, sse4.2, popcnt, avx, aes, clmul, ht, tsc, tscinvbit

Memory: 4k page, physical 8291388k(1190804k free), swap 14058556k(5712k free)

vm_info: Java HotSpot(TM) 64-Bit Server VM (25.60-b23) for windows-amd64 JRE (1.8.0_60-b27), built on Aug  4 2015 11:06:27 by "java_re" with MS VC++ 10.0 (VS2010)

time: Fri Sep 18 15:18:04 2015
elapsed time: 4 seconds (0d 0h 0m 4s)

