#
# There is insufficient memory for the Java Runtime Environment to continue.
# Native memory allocation (malloc) failed to allocate 450096 bytes for Chunk::new
# Possible reasons:
#   The system is out of physical RAM or swap space
#   In 32 bit mode, the process size limit was hit
# Possible solutions:
#   Reduce memory load on the system
#   Increase physical memory or swap space
#   Check if swap backing store is full
#   Use 64 bit Java on a 64 bit OS
#   Decrease Java heap size (-Xmx/-Xms)
#   Decrease number of Java threads
#   Decrease Java thread stack sizes (-Xss)
#   Set larger code cache with -XX:ReservedCodeCacheSize=
# This output file may be truncated or incomplete.
#
#  Out of Memory Error (allocation.cpp:390), pid=13156, tid=13544
#
# JRE version: Java(TM) SE Runtime Environment (8.0_60-b27) (build 1.8.0_60-b27)
# Java VM: Java HotSpot(TM) 64-Bit Server VM (25.60-b23 mixed mode windows-amd64 compressed oops)
# Failed to write core dump. Minidumps are not enabled by default on client versions of Windows
#

---------------  T H R E A D  ---------------

Current thread (0x00000000080d3000):  JavaThread "C2 CompilerThread2" daemon [_thread_in_native, id=13544, stack(0x00000000088a0000,0x00000000089a0000)]

Stack: [0x00000000088a0000,0x00000000089a0000]
[error occurred during error reporting (printing stack bounds), id 0xc0000005]

Native frames: (J=compiled Java code, j=interpreted, Vv=VM code, C=native code)


Current CompileTask:
C2:  11978 2023       4       com.android.dx.rop.cst.CstBaseMethodRef::getPrototype (41 bytes)


---------------  P R O C E S S  ---------------

Java Threads: ( => current thread )
  0x0000000008171000 JavaThread "Service Thread" daemon [_thread_blocked, id=9160, stack(0x0000000008aa0000,0x0000000008ba0000)]
  0x00000000080dc000 JavaThread "C1 CompilerThread3" daemon [_thread_in_native, id=2548, stack(0x00000000089a0000,0x0000000008aa0000)]
=>0x00000000080d3000 JavaThread "C2 CompilerThread2" daemon [_thread_in_native, id=13544, stack(0x00000000088a0000,0x00000000089a0000)]
  0x00000000080cd000 JavaThread "C2 CompilerThread1" daemon [_thread_blocked, id=2832, stack(0x00000000087a0000,0x00000000088a0000)]
  0x00000000080ca000 JavaThread "C2 CompilerThread0" daemon [_thread_blocked, id=13996, stack(0x00000000086a0000,0x00000000087a0000)]
  0x00000000080c7000 JavaThread "Attach Listener" daemon [_thread_blocked, id=4160, stack(0x00000000085a0000,0x00000000086a0000)]
  0x00000000080c6000 JavaThread "Signal Dispatcher" daemon [_thread_blocked, id=5792, stack(0x00000000084a0000,0x00000000085a0000)]
  0x00000000024da800 JavaThread "Finalizer" daemon [_thread_blocked, id=9284, stack(0x0000000007ec0000,0x0000000007fc0000)]
  0x00000000024d4000 JavaThread "Reference Handler" daemon [_thread_blocked, id=12664, stack(0x0000000007dc0000,0x0000000007ec0000)]
  0x00000000023e3000 JavaThread "main" [_thread_in_Java, id=12536, stack(0x00000000022e0000,0x00000000023e0000)]

Other Threads:
  0x0000000005ff9000 VMThread [stack: 0x0000000007cc0000,0x0000000007dc0000] [id=2260]
  0x0000000008121800 WatcherThread [stack: 0x0000000008ba0000,0x0000000008ca0000] [id=1328]

VM state:not at safepoint (normal execution)

VM Mutex/Monitor currently owned by a thread:  ([mutex/lock_event])
[0x00000000023e1050] PeriodicTask_lock - owner thread: 0x0000000008121800

Heap:
 PSYoungGen      total 153088K, used 31026K [0x00000000eab00000, 0x00000000f5580000, 0x0000000100000000)
  eden space 131584K, 9% used [0x00000000eab00000,0x00000000eb6a3720,0x00000000f2b80000)
  from space 21504K, 88% used [0x00000000f2b80000,0x00000000f3e294b0,0x00000000f4080000)
  to   space 21504K, 0% used [0x00000000f4080000,0x00000000f4080000,0x00000000f5580000)
 ParOldGen       total 349696K, used 24K [0x00000000c0000000, 0x00000000d5580000, 0x00000000eab00000)
  object space 349696K, 0% used [0x00000000c0000000,0x00000000c0006000,0x00000000d5580000)
 Metaspace       used 6498K, capacity 7408K, committed 7552K, reserved 1056768K
  class space    used 613K, capacity 616K, committed 640K, reserved 1048576K

Card table byte_map: [0x00000000028a0000,0x0000000002ab0000] byte_map_base: 0x00000000022a0000

Marking Bits: (ParMarkBitMap*) 0x0000000073b4a5b0
 Begin Bits: [0x0000000003410000, 0x0000000004410000)
 End Bits:   [0x0000000004410000, 0x0000000005410000)

Polling page: 0x0000000000a70000

CodeCache: size=245760Kb used=7018Kb max_used=7032Kb free=238742Kb
 bounds [0x000000000f010000, 0x000000000f700000, 0x000000001e010000]
 total_blobs=2260 nmethods=1989 adapters=183
 compilation: enabled

Compilation events (10 events):
Event: 9.964 Thread 0x00000000080ca000 2030       4       com.android.dx.dex.code.InsnFormat::opcodeUnit (54 bytes)
Event: 9.964 Thread 0x00000000080dc000 nmethod 2025 0x000000000f6ea710 code [0x000000000f6ea8c0, 0x000000000f6eaec8]
Event: 9.964 Thread 0x00000000080dc000 2027       3       com.android.dx.dex.code.form.Form22c::writeTo (45 bytes)
Event: 9.965 Thread 0x00000000080dc000 nmethod 2027 0x000000000f6e94d0 code [0x000000000f6e96e0, 0x000000000f6ea268]
Event: 9.965 Thread 0x00000000080dc000 2019   !   3       com.android.dx.dex.file.OffsettedItem::writeTo (72 bytes)
Event: 9.965 Thread 0x00000000080ca000 nmethod 2030 0x000000000f6ef150 code [0x000000000f6ef280, 0x000000000f6ef338]
Event: 9.965 Thread 0x00000000080cd000 2038       4       com.android.dx.dex.code.form.Form35c::wordCount (74 bytes)
Event: 9.965 Thread 0x00000000080ca000 2039       4       com.android.dx.dex.file.OffsettedItem::writeSize (22 bytes)
Event: 9.965 Thread 0x00000000080dc000 nmethod 2019 0x000000000f6ed690 code [0x000000000f6ed920, 0x000000000f6ee888]
Event: 9.965 Thread 0x00000000080dc000 2020       3       com.android.dx.util.ByteArrayAnnotatedOutput::assertCursor (48 bytes)

GC Heap History (2 events):
Event: 8.748 GC heap before
{Heap before GC invocations=1 (full 0):
 PSYoungGen      total 153088K, used 131584K [0x00000000eab00000, 0x00000000f5580000, 0x0000000100000000)
  eden space 131584K, 100% used [0x00000000eab00000,0x00000000f2b80000,0x00000000f2b80000)
  from space 21504K, 0% used [0x00000000f4080000,0x00000000f4080000,0x00000000f5580000)
  to   space 21504K, 0% used [0x00000000f2b80000,0x00000000f2b80000,0x00000000f4080000)
 ParOldGen       total 349696K, used 0K [0x00000000c0000000, 0x00000000d5580000, 0x00000000eab00000)
  object space 349696K, 0% used [0x00000000c0000000,0x00000000c0000000,0x00000000d5580000)
 Metaspace       used 6079K, capacity 7088K, committed 7296K, reserved 1056768K
  class space    used 591K, capacity 616K, committed 640K, reserved 1048576K
Event: 8.768 GC heap after
Heap after GC invocations=1 (full 0):
 PSYoungGen      total 153088K, used 19109K [0x00000000eab00000, 0x00000000f5580000, 0x0000000100000000)
  eden space 131584K, 0% used [0x00000000eab00000,0x00000000eab00000,0x00000000f2b80000)
  from space 21504K, 88% used [0x00000000f2b80000,0x00000000f3e294b0,0x00000000f4080000)
  to   space 21504K, 0% used [0x00000000f4080000,0x00000000f4080000,0x00000000f5580000)
 ParOldGen       total 349696K, used 24K [0x00000000c0000000, 0x00000000d5580000, 0x00000000eab00000)
  object space 349696K, 0% used [0x00000000c0000000,0x00000000c0006000,0x00000000d5580000)
 Metaspace       used 6079K, capacity 7088K, committed 7296K, reserved 1056768K
  class space    used 591K, capacity 616K, committed 640K, reserved 1048576K
}

Deoptimization events (10 events):
Event: 9.829 Thread 0x00000000023e3000 Uncommon trap: reason=speculate_class_check action=maybe_recompile pc=0x000000000f6019c8 method=com.android.dx.util.FixedSizeList.equals(Ljava/lang/Object;)Z @ 25
Event: 9.829 Thread 0x00000000023e3000 Uncommon trap: reason=class_check action=maybe_recompile pc=0x000000000f2efdb8 method=java.util.Arrays.equals([Ljava/lang/Object;[Ljava/lang/Object;)Z @ 62
Event: 9.829 Thread 0x00000000023e3000 Uncommon trap: reason=speculate_class_check action=maybe_recompile pc=0x000000000f6019c8 method=com.android.dx.util.FixedSizeList.equals(Ljava/lang/Object;)Z @ 25
Event: 9.829 Thread 0x00000000023e3000 Uncommon trap: reason=class_check action=maybe_recompile pc=0x000000000f2efdb8 method=java.util.Arrays.equals([Ljava/lang/Object;[Ljava/lang/Object;)Z @ 62
Event: 9.829 Thread 0x00000000023e3000 Uncommon trap: reason=speculate_class_check action=maybe_recompile pc=0x000000000f6019c8 method=com.android.dx.util.FixedSizeList.equals(Ljava/lang/Object;)Z @ 25
Event: 9.829 Thread 0x00000000023e3000 Uncommon trap: reason=unstable_if action=reinterpret pc=0x000000000f2efd90 method=java.util.Arrays.equals([Ljava/lang/Object;[Ljava/lang/Object;)Z @ 23
Event: 9.831 Thread 0x00000000023e3000 Uncommon trap: reason=speculate_class_check action=maybe_recompile pc=0x000000000f6019c8 method=com.android.dx.util.FixedSizeList.equals(Ljava/lang/Object;)Z @ 25
Event: 9.861 Thread 0x00000000023e3000 Uncommon trap: reason=unstable_if action=reinterpret pc=0x000000000f611b80 method=com.android.dx.dex.code.OutputFinisher.findOpcodeForInsn(Lcom/android/dx/dex/code/DalvInsn;Lcom/android/dx/dex/code/Dop;)Lcom/android/dx/dex/code/Dop; @ 1
Event: 9.927 Thread 0x00000000023e3000 Uncommon trap: reason=unstable_if action=reinterpret pc=0x000000000f609160 method=java.util.ArrayList.<init>(I)V @ 5
Event: 9.945 Thread 0x00000000023e3000 Uncommon trap: reason=unstable_if action=reinterpret pc=0x000000000f6a4b04 method=com.android.dx.util.ByteArrayAnnotatedOutput.writeByte(I)V @ 13

Internal exceptions (3 events):
Event: 0.055 Thread 0x00000000023e3000 Exception <a 'java/lang/NoSuchMethodError': Method sun.misc.Unsafe.defineClass(Ljava/lang/String;[BII)Ljava/lang/Class; name or signature does not match> (0x00000000eab0db00) thrown at [C:\re\workspace\8-2-build-windows-amd64-cygwin\jdk8u60\4407\hotspot\sr2˜ Ã∫,¨?
Event: 0.055 Thread 0x00000000023e3000 Exception <a 'java/lang/NoSuchMethodError': Method sun.misc.Unsafe.prefetchRead(Ljava/lang/Object;J)V name or signature does not match> (0x00000000eab0dde8) thrown at [C:\re\workspace\8-2-build-windows-amd64-cygwin\jdk8u60\4407\hotspot\src\share\vm\prims\j∏™^4ù@
Event: 5.154 Thread 0x00000000083aa800 Implicit null exception at 0x000000000f2949a2 to 0x000000000f294a92

Events (10 events):
Event: 9.935 loading class com/android/dex/EncodedValueCodec done
Event: 9.941 loading class com/android/dx/dex/file/MapItem
Event: 9.941 loading class com/android/dx/dex/file/MapItem done
Event: 9.942 loading class com/android/dx/dex/file/UniformListItem
Event: 9.942 loading class com/android/dx/dex/file/UniformListItem done
Event: 9.944 loading class com/android/dex/DexFormat
Event: 9.944 loading class com/android/dex/DexFormat done
Event: 9.945 Thread 0x00000000023e3000 Uncommon trap: trap_request=0xffffff65 fr.pc=0x000000000f6a4b04
Event: 9.945 Thread 0x00000000023e3000 DEOPT PACKING pc=0x000000000f6a4b04 sp=0x00000000023deca0
Event: 9.945 Thread 0x00000000023e3000 DEOPT UNPACKING pc=0x000000000f05582a sp=0x00000000023dec58 mode 2


Dynamic libraries:
0x00007ff6196e0000 - 0x00007ff619717000 	C:\Program Files\Java\jdk1.8.0_60\bin\java.exe
0x00007ffc9f4e0000 - 0x00007ffc9f6a1000 	C:\WINDOWS\SYSTEM32\ntdll.dll
0x00007ffc9eea0000 - 0x00007ffc9ef4d000 	C:\WINDOWS\system32\KERNEL32.DLL
0x00007ffc9c3a0000 - 0x00007ffc9c57d000 	C:\WINDOWS\system32\KERNELBASE.dll
0x00007ffc9cfa0000 - 0x00007ffc9d046000 	C:\WINDOWS\system32\ADVAPI32.dll
0x00007ffc9ee00000 - 0x00007ffc9ee9d000 	C:\WINDOWS\system32\msvcrt.dll
0x00007ffc9d2b0000 - 0x00007ffc9d30b000 	C:\WINDOWS\system32\sechost.dll
0x00007ffc9cd20000 - 0x00007ffc9ce46000 	C:\WINDOWS\system32\RPCRT4.dll
0x00007ffc9ce50000 - 0x00007ffc9cf9e000 	C:\WINDOWS\system32\USER32.dll
0x00007ffc9f350000 - 0x00007ffc9f4d6000 	C:\WINDOWS\system32\GDI32.dll
0x00007ffc957a0000 - 0x00007ffc95a14000 	C:\WINDOWS\WinSxS\amd64_microsoft.windows.common-controls_6595b64144ccf1df_6.0.10240.16384_none_f41f7b285750ef43\COMCTL32.dll
0x00007ffc9e970000 - 0x00007ffc9e9a6000 	C:\WINDOWS\system32\IMM32.DLL
0x00007ffc9cbb0000 - 0x00007ffc9cd0c000 	C:\WINDOWS\system32\MSCTF.dll
0x00007ffc9be00000 - 0x00007ffc9be31000 	C:\Windows\system32\nvinitx.dll
0x00007ffc9bdf0000 - 0x00007ffc9bdfa000 	C:\WINDOWS\SYSTEM32\VERSION.dll
0x000000000f000000 - 0x000000000f006000 	C:\Program Files\NVIDIA Corporation\CoProcManager\_etoured.dll
0x00007ffc99bd0000 - 0x00007ffc99c02000 	C:\Program Files\NVIDIA Corporation\CoProcManager\nvd3d9wrapx.dll
0x00007ffc9e9b0000 - 0x00007ffc9eb75000 	C:\WINDOWS\system32\SETUPAPI.dll
0x00007ffc9c010000 - 0x00007ffc9c054000 	C:\WINDOWS\system32\CFGMGR32.dll
0x00007ffc99b00000 - 0x00007ffc99b22000 	C:\Program Files\NVIDIA Corporation\CoProcManager\nvdxgiwrapx.dll
0x0000000073df0000 - 0x0000000073ec2000 	C:\Program Files\Java\jdk1.8.0_60\jre\bin\msvcr100.dll
0x0000000073340000 - 0x0000000073bc9000 	C:\Program Files\Java\jdk1.8.0_60\jre\bin\server\jvm.dll
0x00007ffc9cd10000 - 0x00007ffc9cd18000 	C:\WINDOWS\system32\PSAPI.DLL
0x00007ffc90440000 - 0x00007ffc90449000 	C:\WINDOWS\SYSTEM32\WSOCK32.dll
0x00007ffc9ef80000 - 0x00007ffc9efe9000 	C:\WINDOWS\system32\WS2_32.dll
0x00007ffc9f340000 - 0x00007ffc9f348000 	C:\WINDOWS\system32\NSI.dll
0x00007ffc99e20000 - 0x00007ffc99e43000 	C:\WINDOWS\SYSTEM32\WINMM.dll
0x0000000002160000 - 0x000000000218c000 	C:\WINDOWS\SYSTEM32\WINMMBASE.dll
0x00007ffc9a830000 - 0x00007ffc9a857000 	C:\WINDOWS\SYSTEM32\DEVOBJ.dll
0x00000000742c0000 - 0x00000000742cf000 	C:\Program Files\Java\jdk1.8.0_60\jre\bin\verify.dll
0x0000000074290000 - 0x00000000742b9000 	C:\Program Files\Java\jdk1.8.0_60\jre\bin\java.dll
0x0000000074250000 - 0x0000000074266000 	C:\Program Files\Java\jdk1.8.0_60\jre\bin\zip.dll
0x00007ffc9d3d0000 - 0x00007ffc9e8f1000 	C:\WINDOWS\system32\SHELL32.dll
0x00007ffc9c580000 - 0x00007ffc9cba9000 	C:\WINDOWS\system32\windows.storage.dll
0x00007ffc9eb80000 - 0x00007ffc9edfc000 	C:\WINDOWS\system32\combase.dll
0x00007ffc9f200000 - 0x00007ffc9f251000 	C:\WINDOWS\system32\shlwapi.dll
0x00007ffc9bf10000 - 0x00007ffc9bf1f000 	C:\WINDOWS\system32\kernel.appcore.dll
0x00007ffc9c110000 - 0x00007ffc9c1c3000 	C:\WINDOWS\system32\shcore.dll
0x00007ffc9bf40000 - 0x00007ffc9bf8a000 	C:\WINDOWS\system32\powrprof.dll
0x00007ffc9bf90000 - 0x00007ffc9bfa3000 	C:\WINDOWS\system32\profapi.dll

VM Arguments:
jvm_args: -Xmx1024M -Dfile.encoding=windows-1252 -Duser.country=US -Duser.language=en -Duser.variant -Xms512m -Xmx1024m 
java_command: com.android.dx.command.Main --dex --num-threads=4 --output C:\Users\Mukhtar\AndroidStudioProjects\MinaTentLocator\app\build\intermediates\pre-dexed\release\classes-fe79087cfe729ceee717c4fffa99c44a6bd50ff5.jar C:\Users\Mukhtar\AndroidStudioProjects\MinaTentLocator\app\build\intermediates\exploded-aar\com.google.android.gms\play-services-cast\7.8.0\jars\classes.jar
java_class_path (initial): C:\Users\Mukhtar\android-sdks\build-tools\23.0.0\lib\dx.jar
Launcher Type: SUN_STANDARD

Environment Variables:
JAVA_HOME=C:\Program Files\Java\jdk1.8.0_60
_JAVA_OPTIONS=-Xms512m -Xmx1024m
CLASSPATH=.;C:\Program Files\Java\jdk1.8.0_60\bin
PATH=C:\ProgramData\Oracle\Java\javapath;C:\Program Files\NVIDIA GPU Computing Toolkit\CUDA\v6.5\bin;C:\Program Files\NVIDIA GPU Computing Toolkit\CUDA\v6.5\libnvvp;C:\Windows\system32;C:\Windows;C:\Windows\System32\Wbem;C:\Windows\System32\WindowsPowerShell\v1.0\;C:\Program Files (x86)\Intel\OpenCL SDK\2.0\bin\x86;C:\Program Files (x86)\Intel\OpenCL SDK\2.0\bin\x64;C:\Program Files (x86)\Microsoft SQL Server\100\Tools\Binn\;C:\Program Files\Microsoft SQL Server\100\Tools\Binn\;C:\Program Files\Microsoft SQL Server\100\DTS\Binn\;C:\Program Files (x86)\Windows Kits\8.1\Windows Performance Toolkit\;C:\Program Files\Microsoft SQL Server\110\Tools\Binn\;C:\Program Files (x86)\Microsoft SDKs\TypeScript\1.0\;C:\Program Files\Microsoft SQL Server\120\Tools\Binn\;C:\Program Files\Microsoft\Web Platform Installer\;C:\opencv\build\\x64\vc12\bin;C:\Program Files\Java\jdk1.8.0_40\bin;C:\mysql-5.6.23-winx64\bin;C:\MinGW\bin;C:\cygwin64\bin;C:\Program Files (x86)\Java\jre1.8.0_40\bin;C:\android-ndk-r10d;C:\Users\Mukhtar\android-sdks\tools;C:\Users\Mukhtar\android-sdks\platform-tools;C:\apache-ant-1.9.4\bin;C:\Program Files (x86)\Java\jdk1.8.0_40\bin;;C:\Program Files (x86)\NVIDIA Corporation\PhysX\Common;C:\WINDOWS\system32;C:\WINDOWS;C:\WINDOWS\System32\Wbem;C:\WINDOWS\System32\WindowsPowerShell\v1.0\;C:\Program Files (x86)\Skype\Phone\;C:\protoc-2.6.1-win32
USERNAME=Mukhtar
OS=Windows_NT
PROCESSOR_IDENTIFIER=Intel64 Family 6 Model 42 Stepping 7, GenuineIntel



---------------  S Y S T E M  ---------------

OS: Windows 10.0 , 64 bit Build 10240 (10.0.10240.16384)

CPU:total 8 (4 cores per cpu, 2 threads per core) family 6 model 42 stepping 7, cmov, cx8, fxsr, mmx, sse, sse2, sse3, ssse3, sse4.1, sse4.2, popcnt, avx, aes, clmul, ht, tsc, tscinvbit

Memory: 4k page, physical 8291388k(1189580k free), swap 14058556k(682252k free)

vm_info: Java HotSpot(TM) 64-Bit Server VM (25.60-b23) for windows-amd64 JRE (1.8.0_60-b27), built on Aug  4 2015 11:06:27 by "java_re" with MS VC++ 10.0 (VS2010)

time: Fri Sep 18 15:18:11 2015
elapsed time: 11 seconds (0d 0h 0m 11s)

